# JRE version: Java(TM) SE Runtime Environment (17.0.2+8) (build 17.0.2+8-LTS-86)
# Java VM: Java HotSpot(TM) 64-Bit Server VM (17.0.2+8-LTS-86, mixed mode, sharing, tiered, compressed oops, compressed class ptrs, g1 gc, windows-amd64)
GC Precious Log:
 CPUs: 4 total, 4 available
 Memory: 8092M
 Large Page Support: Disabled
 NUMA Support: Disabled
 Compressed Oops: Enabled (32-bit)
 Heap Region Size: 1M
 Heap Min Capacity: 8M
 Heap Initial Capacity: 8M
 Heap Max Capacity: 2024M
 Pre-touch: Disabled
 Parallel Workers: 4
 Concurrent Workers: 1
 Concurrent Refinement Workers: 4
 Periodic GC: Disabled
Heap:
 garbage-first heap   total 10240K, used 4482K [0x0000000081800000, 0x0000000100000000)
  region size 1024K, 1 young (1024K), 1 survivors (1024K)
 Metaspace       used 8678K, committed 8832K, reserved 1064960K
  class space    used 1005K, committed 1088K, reserved 1048576K
GC Heap History (17 events):
Event: 0.318 GC heap before
{Heap before GC invocations=0 (full 0):
 garbage-first heap   total 8192K, used 3072K [0x0000000081800000, 0x0000000100000000)
  region size 1024K, 3 young (3072K), 0 survivors (0K)
 Metaspace       used 2538K, committed 2688K, reserved 1056768K
  class space    used 291K, committed 384K, reserved 1048576K
}
Event: 0.322 GC heap after
{Heap after GC invocations=1 (full 0):
 garbage-first heap   total 8192K, used 1300K [0x0000000081800000, 0x0000000100000000)
  region size 1024K, 1 young (1024K), 1 survivors (1024K)
 Metaspace       used 2538K, committed 2688K, reserved 1056768K
  class space    used 291K, committed 384K, reserved 1048576K
}
Event: 0.439 GC heap before
{Heap before GC invocations=1 (full 0):
 garbage-first heap   total 8192K, used 2324K [0x0000000081800000, 0x0000000100000000)
  region size 1024K, 2 young (2048K), 1 survivors (1024K)
 Metaspace       used 4224K, committed 4352K, reserved 1056768K
  class space    used 533K, committed 576K, reserved 1048576K
}
Event: 0.443 GC heap after
{Heap after GC invocations=2 (full 0):
 garbage-first heap   total 8192K, used 1983K [0x0000000081800000, 0x0000000100000000)
  region size 1024K, 1 young (1024K), 1 survivors (1024K)
 Metaspace       used 4224K, committed 4352K, reserved 1056768K
  class space    used 533K, committed 576K, reserved 1048576K
}
Event: 0.556 GC heap before
{Heap before GC invocations=2 (full 0):
 garbage-first heap   total 8192K, used 3007K [0x0000000081800000, 0x0000000100000000)
  region size 1024K, 2 young (2048K), 1 survivors (1024K)
 Metaspace       used 6254K, committed 6400K, reserved 1064960K
  class space    used 737K, committed 832K, reserved 1048576K
}
Event: 0.558 GC heap after
{Heap after GC invocations=3 (full 0):
 garbage-first heap   total 8192K, used 2353K [0x0000000081800000, 0x0000000100000000)
  region size 1024K, 1 young (1024K), 1 survivors (1024K)
 Metaspace       used 6254K, committed 6400K, reserved 1064960K
  class space    used 737K, committed 832K, reserved 1048576K
}
Event: 0.650 GC heap before
{Heap before GC invocations=3 (full 0):
 garbage-first heap   total 8192K, used 3377K [0x0000000081800000, 0x0000000100000000)
  region size 1024K, 2 young (2048K), 1 survivors (1024K)
 Metaspace       used 7705K, committed 7936K, reserved 1064960K
  class space    used 899K, committed 1024K, reserved 1048576K
}
Event: 0.651 GC heap after
{Heap after GC invocations=4 (full 0):
 garbage-first heap   total 8192K, used 2675K [0x0000000081800000, 0x0000000100000000)
  region size 1024K, 1 young (1024K), 1 survivors (1024K)
 Metaspace       used 7705K, committed 7936K, reserved 1064960K
  class space    used 899K, committed 1024K, reserved 1048576K
}
Event: 0.674 GC heap before
{Heap before GC invocations=4 (full 0):
 garbage-first heap   total 8192K, used 3699K [0x0000000081800000, 0x0000000100000000)
  region size 1024K, 2 young (2048K), 1 survivors (1024K)
 Metaspace       used 7746K, committed 8000K, reserved 1064960K
  class space    used 899K, committed 1024K, reserved 1048576K
}
Event: 0.676 GC heap after
{Heap after GC invocations=5 (full 0):
 garbage-first heap   total 10240K, used 2894K [0x0000000081800000, 0x0000000100000000)
  region size 1024K, 1 young (1024K), 1 survivors (1024K)
 Metaspace       used 7746K, committed 8000K, reserved 1064960K
  class space    used 899K, committed 1024K, reserved 1048576K
}
Event: 0.765 GC heap before
{Heap before GC invocations=5 (full 0):
 garbage-first heap   total 10240K, used 4942K [0x0000000081800000, 0x0000000100000000)
  region size 1024K, 3 young (3072K), 1 survivors (1024K)
 Metaspace       used 8127K, committed 8320K, reserved 1064960K
  class space    used 941K, committed 1024K, reserved 1048576K
}
Event: 0.768 GC heap after
{Heap after GC invocations=6 (full 0):
 garbage-first heap   total 10240K, used 3554K [0x0000000081800000, 0x0000000100000000)
  region size 1024K, 1 young (1024K), 1 survivors (1024K)
 Metaspace       used 8127K, committed 8320K, reserved 1064960K
  class space    used 941K, committed 1024K, reserved 1048576K
}
Event: 0.895 GC heap before
{Heap before GC invocations=6 (full 0):
 garbage-first heap   total 10240K, used 5602K [0x0000000081800000, 0x0000000100000000)
  region size 1024K, 3 young (3072K), 1 survivors (1024K)
 Metaspace       used 8589K, committed 8768K, reserved 1064960K
  class space    used 1002K, committed 1088K, reserved 1048576K
}
Event: 0.898 GC heap after
{Heap after GC invocations=7 (full 0):
 garbage-first heap   total 10240K, used 4169K [0x0000000081800000, 0x0000000100000000)
  region size 1024K, 1 young (1024K), 1 survivors (1024K)
 Metaspace       used 8589K, committed 8768K, reserved 1064960K
  class space    used 1002K, committed 1088K, reserved 1048576K
}
Event: 0.911 GC heap before
{Heap before GC invocations=7 (full 0):
 garbage-first heap   total 10240K, used 5193K [0x0000000081800000, 0x0000000100000000)
  region size 1024K, 2 young (2048K), 1 survivors (1024K)
 Metaspace       used 8602K, committed 8768K, reserved 1064960K
  class space    used 1002K, committed 1088K, reserved 1048576K
}
Event: 0.913 GC heap after
{Heap after GC invocations=8 (full 0):
 garbage-first heap   total 10240K, used 4301K [0x0000000081800000, 0x0000000100000000)
  region size 1024K, 1 young (1024K), 1 survivors (1024K)
 Metaspace       used 8602K, committed 8768K, reserved 1064960K
  class space    used 1002K, committed 1088K, reserved 1048576K
}
Event: 0.970 GC heap before
{Heap before GC invocations=8 (full 0):
 garbage-first heap   total 10240K, used 5325K [0x0000000081800000, 0x0000000100000000)
  region size 1024K, 2 young (2048K), 1 survivors (1024K)
 Metaspace       used 8678K, committed 8832K, reserved 1064960K
  class space    used 1005K, committed 1088K, reserved 1048576K
}

