# JRE version: Java(TM) SE Runtime Environment (17.0.2+8) (build 17.0.2+8-LTS-86)
# Java VM: Java HotSpot(TM) 64-Bit Server VM (17.0.2+8-LTS-86, mixed mode, sharing, tiered, compressed oops, compressed class ptrs, g1 gc, windows-amd64)
GC Precious Log:
 CPUs: 4 total, 4 available
 Memory: 8092M
 Large Page Support: Disabled
 NUMA Support: Disabled
 Compressed Oops: Enabled (32-bit)
 Heap Region Size: 1M
 Heap Min Capacity: 8M
 Heap Initial Capacity: 8M
 Heap Max Capacity: 2024M
 Pre-touch: Disabled
 Parallel Workers: 4
 Concurrent Workers: 1
 Concurrent Refinement Workers: 4
 Periodic GC: Disabled
Heap:
 garbage-first heap   total 10240K, used 4596K [0x0000000081800000, 0x0000000100000000)
  region size 1024K, 1 young (1024K), 1 survivors (1024K)
 Metaspace       used 8658K, committed 8832K, reserved 1064960K
  class space    used 1005K, committed 1088K, reserved 1048576K
GC Heap History (17 events):
Event: 0.235 GC heap before
{Heap before GC invocations=0 (full 0):
 garbage-first heap   total 8192K, used 3072K [0x0000000081800000, 0x0000000100000000)
  region size 1024K, 3 young (3072K), 0 survivors (0K)
 Metaspace       used 2544K, committed 2688K, reserved 1056768K
  class space    used 291K, committed 384K, reserved 1048576K
}
Event: 0.238 GC heap after
{Heap after GC invocations=1 (full 0):
 garbage-first heap   total 8192K, used 1304K [0x0000000081800000, 0x0000000100000000)
  region size 1024K, 1 young (1024K), 1 survivors (1024K)
 Metaspace       used 2544K, committed 2688K, reserved 1056768K
  class space    used 291K, committed 384K, reserved 1048576K
}
Event: 0.311 GC heap before
{Heap before GC invocations=1 (full 0):
 garbage-first heap   total 8192K, used 2328K [0x0000000081800000, 0x0000000100000000)
  region size 1024K, 2 young (2048K), 1 survivors (1024K)
 Metaspace       used 4227K, committed 4352K, reserved 1056768K
  class space    used 532K, committed 576K, reserved 1048576K
}
Event: 0.314 GC heap after
{Heap after GC invocations=2 (full 0):
 garbage-first heap   total 8192K, used 1963K [0x0000000081800000, 0x0000000100000000)
  region size 1024K, 1 young (1024K), 1 survivors (1024K)
 Metaspace       used 4227K, committed 4352K, reserved 1056768K
  class space    used 532K, committed 576K, reserved 1048576K
}
Event: 0.398 GC heap before
{Heap before GC invocations=2 (full 0):
 garbage-first heap   total 8192K, used 2987K [0x0000000081800000, 0x0000000100000000)
  region size 1024K, 2 young (2048K), 1 survivors (1024K)
 Metaspace       used 6255K, committed 6464K, reserved 1064960K
  class space    used 736K, committed 832K, reserved 1048576K
}
Event: 0.400 GC heap after
{Heap after GC invocations=3 (full 0):
 garbage-first heap   total 8192K, used 2380K [0x0000000081800000, 0x0000000100000000)
  region size 1024K, 1 young (1024K), 1 survivors (1024K)
 Metaspace       used 6255K, committed 6464K, reserved 1064960K
  class space    used 736K, committed 832K, reserved 1048576K
}
Event: 0.486 GC heap before
{Heap before GC invocations=3 (full 0):
 garbage-first heap   total 8192K, used 3404K [0x0000000081800000, 0x0000000100000000)
  region size 1024K, 2 young (2048K), 1 survivors (1024K)
 Metaspace       used 7706K, committed 7936K, reserved 1064960K
  class space    used 897K, committed 1024K, reserved 1048576K
}
Event: 0.488 GC heap after
{Heap after GC invocations=4 (full 0):
 garbage-first heap   total 8192K, used 2745K [0x0000000081800000, 0x0000000100000000)
  region size 1024K, 1 young (1024K), 1 survivors (1024K)
 Metaspace       used 7706K, committed 7936K, reserved 1064960K
  class space    used 897K, committed 1024K, reserved 1048576K
}
Event: 0.506 GC heap before
{Heap before GC invocations=4 (full 0):
 garbage-first heap   total 8192K, used 3769K [0x0000000081800000, 0x0000000100000000)
  region size 1024K, 2 young (2048K), 1 survivors (1024K)
 Metaspace       used 7746K, committed 8000K, reserved 1064960K
  class space    used 897K, committed 1024K, reserved 1048576K
}
Event: 0.507 GC heap after
{Heap after GC invocations=5 (full 0):
 garbage-first heap   total 10240K, used 2928K [0x0000000081800000, 0x0000000100000000)
  region size 1024K, 1 young (1024K), 1 survivors (1024K)
 Metaspace       used 7746K, committed 8000K, reserved 1064960K
  class space    used 897K, committed 1024K, reserved 1048576K
}
Event: 0.555 GC heap before
{Heap before GC invocations=5 (full 0):
 garbage-first heap   total 10240K, used 4976K [0x0000000081800000, 0x0000000100000000)
  region size 1024K, 3 young (3072K), 1 survivors (1024K)
 Metaspace       used 8128K, committed 8320K, reserved 1064960K
  class space    used 941K, committed 1024K, reserved 1048576K
}
Event: 0.557 GC heap after
{Heap after GC invocations=6 (full 0):
 garbage-first heap   total 10240K, used 3632K [0x0000000081800000, 0x0000000100000000)
  region size 1024K, 1 young (1024K), 1 survivors (1024K)
 Metaspace       used 8128K, committed 8320K, reserved 1064960K
  class space    used 941K, committed 1024K, reserved 1048576K
}
Event: 0.648 GC heap before
{Heap before GC invocations=6 (full 0):
 garbage-first heap   total 10240K, used 5680K [0x0000000081800000, 0x0000000100000000)
  region size 1024K, 3 young (3072K), 1 survivors (1024K)
 Metaspace       used 8586K, committed 8768K, reserved 1064960K
  class space    used 1001K, committed 1088K, reserved 1048576K
}
Event: 0.651 GC heap after
{Heap after GC invocations=7 (full 0):
 garbage-first heap   total 10240K, used 4161K [0x0000000081800000, 0x0000000100000000)
  region size 1024K, 1 young (1024K), 1 survivors (1024K)
 Metaspace       used 8586K, committed 8768K, reserved 1064960K
  class space    used 1001K, committed 1088K, reserved 1048576K
}
Event: 0.659 GC heap before
{Heap before GC invocations=7 (full 0):
 garbage-first heap   total 10240K, used 5185K [0x0000000081800000, 0x0000000100000000)
  region size 1024K, 2 young (2048K), 1 survivors (1024K)
 Metaspace       used 8593K, committed 8768K, reserved 1064960K
  class space    used 1001K, committed 1088K, reserved 1048576K
}
Event: 0.660 GC heap after
{Heap after GC invocations=8 (full 0):
 garbage-first heap   total 10240K, used 4417K [0x0000000081800000, 0x0000000100000000)
  region size 1024K, 1 young (1024K), 1 survivors (1024K)
 Metaspace       used 8593K, committed 8768K, reserved 1064960K
  class space    used 1001K, committed 1088K, reserved 1048576K
}
Event: 0.697 GC heap before
{Heap before GC invocations=8 (full 0):
 garbage-first heap   total 10240K, used 5441K [0x0000000081800000, 0x0000000100000000)
  region size 1024K, 2 young (2048K), 1 survivors (1024K)
 Metaspace       used 8658K, committed 8832K, reserved 1064960K
  class space    used 1005K, committed 1088K, reserved 1048576K
}

